14.1.2023, 11:21:12 - INFO - Server is running on port: 3030 
14.1.2023, 11:33:54 - INFO - Server is running on port: 3030 
14.1.2023, 11:34:10 - INFO - Server is running on port: 3030 
14.1.2023, 11:34:12 - INFO - Server is running on port: 3030 
14.1.2023, 11:34:31 - INFO - Server is running on port: 3030 
14.1.2023, 11:34:32 - INFO - Server is running on port: 3030 
14.1.2023, 11:34:37 - INFO - Server is running on port: 3030 
14.1.2023, 11:34:57 - INFO - Server is running on port: 3030 
14.1.2023, 11:34:59 - INFO - Server is running on port: 3030 
14.1.2023, 11:35:02 - INFO - Server is running on port: 3030 
14.1.2023, 11:36:05 - INFO - Server is running on port: 3030 
14.1.2023, 11:36:25 - INFO - Server is running on port: 3030 
14.1.2023, 11:37:02 - INFO - Server is running on port: 3030 
14.1.2023, 11:41:12 - INFO - Server is running on port: 3030 
14.1.2023, 11:41:27 - INFO - Server is running on port: 3030 
14.1.2023, 11:44:38 - INFO - Req was made 
14.1.2023, 11:45:48 - INFO - Server is running on port: 3030 
14.1.2023, 11:45:50 - INFO - Req was made 
14.1.2023, 11:47:36 - INFO - Server is running on port: 3030 
14.1.2023, 11:47:46 - INFO - Server is running on port: 3030 
14.1.2023, 11:47:56 - INFO - Server is running on port: 3030 
14.1.2023, 11:48:28 - INFO - Server is running on port: 3030 
14.1.2023, 11:48:39 - INFO - Req was made 
14.1.2023, 11:48:39 - DEBUG - Getting Cars 
14.1.2023, 11:48:39 - ERROR - cannot find toys | MongoServerError: $regex has to be a string 
14.1.2023, 11:48:39 - ERROR - Failed to get toys | MongoServerError: $regex has to be a string 
14.1.2023, 11:49:27 - INFO - Server is running on port: 3030 
14.1.2023, 11:49:31 - INFO - Req was made 
14.1.2023, 11:49:31 - DEBUG - Getting Cars 
14.1.2023, 11:49:31 - ERROR - Failed to get toys | MongoServerError: $regex has to be a string 
14.1.2023, 11:49:31 - ERROR - cannot find toys | MongoServerError: $regex has to be a string 
14.1.2023, 11:50:12 - INFO - Server is running on port: 3030 
14.1.2023, 11:50:19 - INFO - Server is running on port: 3030 
14.1.2023, 11:50:22 - INFO - Req was made 
14.1.2023, 11:50:22 - DEBUG - Getting Cars 
14.1.2023, 11:50:22 - ERROR - cannot find toys | MongoServerError: $regex has to be a string 
14.1.2023, 11:50:22 - ERROR - Failed to get toys | MongoServerError: $regex has to be a string 
14.1.2023, 11:50:39 - INFO - Server is running on port: 3030 
14.1.2023, 11:50:40 - INFO - Server is running on port: 3030 
14.1.2023, 11:50:43 - INFO - Req was made 
14.1.2023, 11:50:43 - DEBUG - Getting Cars 
14.1.2023, 11:50:43 - ERROR - cannot find toys | MongoServerError: $regex has to be a string 
14.1.2023, 11:50:43 - ERROR - Failed to get toys | MongoServerError: $regex has to be a string 
14.1.2023, 11:50:56 - INFO - Server is running on port: 3030 
14.1.2023, 11:51:02 - INFO - Server is running on port: 3030 
14.1.2023, 11:51:05 - INFO - Req was made 
14.1.2023, 11:51:05 - DEBUG - Getting Cars 
14.1.2023, 11:51:05 - ERROR - Failed to get toys | MongoServerError: $regex has to be a string 
14.1.2023, 11:51:05 - ERROR - cannot find toys | MongoServerError: $regex has to be a string 
14.1.2023, 11:54:05 - INFO - Server is running on port: 3030 
14.1.2023, 11:54:34 - INFO - Server is running on port: 3030 
14.1.2023, 11:54:38 - INFO - Server is running on port: 3030 
14.1.2023, 11:54:41 - INFO - Server is running on port: 3030 
14.1.2023, 11:55:07 - INFO - Req was made 
14.1.2023, 11:55:07 - DEBUG - Getting Cars 
14.1.2023, 11:55:16 - INFO - Server is running on port: 3030 
14.1.2023, 11:55:19 - INFO - Req was made 
14.1.2023, 11:55:19 - DEBUG - Getting Cars 
14.1.2023, 11:55:27 - INFO - Server is running on port: 3030 
14.1.2023, 11:55:36 - INFO - Req was made 
14.1.2023, 11:55:36 - DEBUG - Getting Cars 
14.1.2023, 11:55:52 - INFO - Server is running on port: 3030 
14.1.2023, 11:55:55 - INFO - Req was made 
14.1.2023, 11:55:55 - DEBUG - Getting Cars 
14.1.2023, 11:56:17 - INFO - Server is running on port: 3030 
14.1.2023, 11:56:24 - INFO - Req was made 
14.1.2023, 11:56:24 - DEBUG - Getting Cars 
14.1.2023, 11:56:46 - INFO - Server is running on port: 3030 
14.1.2023, 11:56:49 - INFO - Server is running on port: 3030 
14.1.2023, 11:56:52 - INFO - Req was made 
14.1.2023, 11:56:52 - DEBUG - Getting Cars 
14.1.2023, 11:56:58 - INFO - Server is running on port: 3030 
14.1.2023, 11:57:00 - INFO - Server is running on port: 3030 
14.1.2023, 11:57:04 - INFO - Server is running on port: 3030 
14.1.2023, 11:57:16 - INFO - Server is running on port: 3030 
14.1.2023, 11:57:23 - INFO - Req was made 
14.1.2023, 11:57:23 - DEBUG - Getting Cars 
14.1.2023, 11:57:29 - INFO - Server is running on port: 3030 
14.1.2023, 11:57:31 - INFO - Req was made 
14.1.2023, 11:57:31 - DEBUG - Getting Cars 
14.1.2023, 12:01:08 - INFO - Server is running on port: 3030 
14.1.2023, 12:01:09 - INFO - Req was made 
14.1.2023, 12:01:09 - ERROR - Failed to get toys | ReferenceError: Cannot access 'toys' before initialization 
14.1.2023, 12:02:11 - INFO - Server is running on port: 3030 
14.1.2023, 12:02:31 - INFO - Req was made 
14.1.2023, 12:02:31 - ERROR - Failed to get toys | ReferenceError: Cannot access 'toys' before initialization 
14.1.2023, 12:04:02 - INFO - Server is running on port: 3030 
14.1.2023, 12:04:05 - INFO - Server is running on port: 3030 
14.1.2023, 12:04:07 - INFO - Server is running on port: 3030 
14.1.2023, 12:04:10 - INFO - Req was made 
14.1.2023, 12:04:10 - ERROR - Failed to get toys | ReferenceError: Cannot access 'toys' before initialization 
14.1.2023, 12:04:33 - INFO - Server is running on port: 3030 
14.1.2023, 12:04:35 - INFO - Req was made 
14.1.2023, 12:04:35 - DEBUG - Getting Cars 
14.1.2023, 12:04:53 - INFO - Server is running on port: 3030 
14.1.2023, 12:04:55 - INFO - Server is running on port: 3030 
14.1.2023, 12:04:57 - INFO - Server is running on port: 3030 
14.1.2023, 12:04:59 - INFO - Req was made 
14.1.2023, 12:04:59 - DEBUG - Getting Cars 
14.1.2023, 12:05:19 - INFO - Server is running on port: 3030 
14.1.2023, 12:05:21 - INFO - Server is running on port: 3030 
14.1.2023, 12:05:25 - INFO - Server is running on port: 3030 
14.1.2023, 12:05:28 - INFO - Req was made 
14.1.2023, 12:05:28 - DEBUG - Getting Cars 
14.1.2023, 12:06:10 - INFO - Server is running on port: 3030 
14.1.2023, 12:06:12 - INFO - Req was made 
14.1.2023, 12:06:12 - DEBUG - Getting Cars 
14.1.2023, 12:07:09 - INFO - Server is running on port: 3030 
14.1.2023, 12:07:12 - INFO - Server is running on port: 3030 
14.1.2023, 12:07:17 - INFO - Server is running on port: 3030 
14.1.2023, 12:07:20 - INFO - Server is running on port: 3030 
14.1.2023, 12:07:22 - INFO - Server is running on port: 3030 
14.1.2023, 12:07:27 - INFO - Server is running on port: 3030 
14.1.2023, 12:07:30 - INFO - Server is running on port: 3030 
14.1.2023, 12:07:32 - INFO - Server is running on port: 3030 
14.1.2023, 12:07:33 - INFO - Req was made 
14.1.2023, 12:07:33 - DEBUG - Getting Cars 
14.1.2023, 12:08:53 - INFO - Server is running on port: 3030 
14.1.2023, 12:09:00 - DEBUG - Getting Cars 
14.1.2023, 12:09:00 - INFO - Req was made 
14.1.2023, 12:11:57 - INFO - Server is running on port: 3030 
14.1.2023, 12:12:02 - INFO - Server is running on port: 3030 
14.1.2023, 12:12:17 - INFO - Server is running on port: 3030 
14.1.2023, 12:12:24 - INFO - Req was made 
14.1.2023, 12:12:24 - DEBUG - Getting Cars 
14.1.2023, 12:13:00 - INFO - Server is running on port: 3030 
14.1.2023, 12:13:01 - INFO - Req was made 
14.1.2023, 12:13:01 - DEBUG - Getting Cars 
14.1.2023, 12:13:19 - INFO - Server is running on port: 3030 
14.1.2023, 12:13:20 - INFO - Server is running on port: 3030 
14.1.2023, 12:13:22 - INFO - Req was made 
14.1.2023, 12:13:22 - DEBUG - Getting Cars 
14.1.2023, 12:13:48 - INFO - Server is running on port: 3030 
14.1.2023, 12:13:50 - INFO - Req was made 
14.1.2023, 12:13:50 - DEBUG - Getting Cars 
14.1.2023, 12:14:15 - INFO - Server is running on port: 3030 
14.1.2023, 12:14:16 - INFO - Server is running on port: 3030 
14.1.2023, 12:14:19 - INFO - Req was made 
14.1.2023, 12:14:19 - DEBUG - Getting Cars 
14.1.2023, 12:18:55 - INFO - Server is running on port: 3030 
14.1.2023, 12:19:35 - INFO - Server is running on port: 3030 
14.1.2023, 12:19:36 - INFO - Server is running on port: 3030 
14.1.2023, 12:19:39 - INFO - Server is running on port: 3030 
14.1.2023, 12:19:40 - INFO - Server is running on port: 3030 
14.1.2023, 12:19:43 - INFO - Server is running on port: 3030 
14.1.2023, 12:19:46 - INFO - Server is running on port: 3030 
14.1.2023, 12:20:16 - INFO - Server is running on port: 3030 
14.1.2023, 12:20:18 - INFO - Server is running on port: 3030 
14.1.2023, 12:21:32 - INFO - Server is running on port: 3030 
14.1.2023, 12:21:58 - INFO - Server is running on port: 3030 
14.1.2023, 12:22:00 - INFO - Server is running on port: 3030 
14.1.2023, 12:27:12 - INFO - Server is running on port: 3030 
14.1.2023, 12:27:23 - INFO - Server is running on port: 3030 
14.1.2023, 12:27:24 - INFO - Server is running on port: 3030 
14.1.2023, 12:27:54 - INFO - Req was made 
14.1.2023, 12:27:54 - DEBUG - Getting Cars 
14.1.2023, 12:28:13 - INFO - Server is running on port: 3030 
14.1.2023, 12:28:14 - INFO - Req was made 
14.1.2023, 12:28:14 - DEBUG - Getting Cars 
14.1.2023, 12:31:53 - INFO - Req was made 
14.1.2023, 12:31:53 - DEBUG - Getting Cars 
14.1.2023, 12:32:37 - INFO - Server is running on port: 3030 
14.1.2023, 12:32:40 - INFO - Server is running on port: 3030 
14.1.2023, 12:32:54 - INFO - Req was made 
14.1.2023, 12:32:54 - DEBUG - Getting Cars 
14.1.2023, 12:33:37 - INFO - Server is running on port: 3030 
14.1.2023, 12:33:38 - INFO - Server is running on port: 3030 
14.1.2023, 12:33:40 - INFO - Server is running on port: 3030 
14.1.2023, 12:35:42 - INFO - Server is running on port: 3030 
14.1.2023, 12:35:44 - INFO - Server is running on port: 3030 
14.1.2023, 12:35:51 - INFO - Server is running on port: 3030 
14.1.2023, 12:44:37 - INFO - Server is running on port: 3030 
14.1.2023, 12:45:02 - INFO - Server is running on port: 3030 
14.1.2023, 12:51:28 - INFO - Server is running on port: 3030 
14.1.2023, 12:51:42 - INFO - Server is running on port: 3030 
14.1.2023, 13:45:59 - INFO - Server is running on port: 3030 
14.1.2023, 14:04:34 - INFO - Server is running on port: 3030 
14.1.2023, 14:04:35 - INFO - Server is running on port: 3030 
14.1.2023, 14:05:37 - INFO - Server is running on port: 3030 
14.1.2023, 14:05:50 - INFO - Server is running on port: 3030 
14.1.2023, 14:06:05 - INFO - Server is running on port: 3030 
14.1.2023, 14:08:27 - INFO - Server is running on port: 3030 
14.1.2023, 14:13:35 - INFO - Server is running on port: 3030 
14.1.2023, 14:13:38 - INFO - Server is running on port: 3030 
14.1.2023, 14:17:25 - INFO - Server is running on port: 3030 
14.1.2023, 14:17:36 - INFO - Server is running on port: 3030 
14.1.2023, 14:18:36 - INFO - Server is running on port: 3030 
14.1.2023, 14:18:49 - INFO - Server is running on port: 3030 
14.1.2023, 14:19:02 - INFO - Server is running on port: 3030 
14.1.2023, 14:19:22 - INFO - Req was made 
14.1.2023, 14:19:22 - DEBUG - Getting Cars 
14.1.2023, 14:23:35 - INFO - Server is running on port: 3030 
14.1.2023, 14:25:36 - INFO - Server is running on port: 3030 
14.1.2023, 14:29:41 - INFO - Server is running on port: 3030 
14.1.2023, 14:30:07 - INFO - Server is running on port: 3030 
14.1.2023, 14:30:17 - INFO - Server is running on port: 3030 
14.1.2023, 14:30:25 - INFO - Server is running on port: 3030 
14.1.2023, 14:34:55 - INFO - Server is running on port: 3030 
14.1.2023, 14:34:59 - INFO - Server is running on port: 3030 
14.1.2023, 14:41:23 - INFO - Server is running on port: 3030 
14.1.2023, 14:41:29 - INFO - Server is running on port: 3030 
14.1.2023, 14:43:30 - INFO - Req was made 
14.1.2023, 14:43:30 - DEBUG - Getting Cars 
14.1.2023, 14:44:04 - INFO - Req was made 
14.1.2023, 14:44:04 - DEBUG - Getting Cars 
14.1.2023, 14:44:11 - INFO - Req was made 
14.1.2023, 14:44:11 - DEBUG - Getting Cars 
14.1.2023, 14:44:50 - INFO - Req was made 
14.1.2023, 14:44:50 - DEBUG - Getting Cars 
14.1.2023, 15:22:56 - INFO - Req was made 
14.1.2023, 15:22:56 - DEBUG - Getting Cars 
14.1.2023, 15:22:57 - INFO - Req was made 
14.1.2023, 15:22:57 - DEBUG - Getting Cars 
14.1.2023, 15:23:16 - INFO - Req was made 
14.1.2023, 15:23:16 - DEBUG - Getting Cars 
14.1.2023, 15:23:16 - INFO - Req was made 
14.1.2023, 15:23:16 - DEBUG - Getting Cars 
14.1.2023, 18:09:22 - INFO - Req was made 
14.1.2023, 18:09:22 - DEBUG - Getting Cars 
14.1.2023, 18:09:22 - INFO - Req was made 
14.1.2023, 18:09:22 - DEBUG - Getting Cars 
14.1.2023, 18:19:17 - INFO - Req was made 
14.1.2023, 18:19:17 - DEBUG - Getting Cars 
14.1.2023, 18:19:17 - INFO - Req was made 
14.1.2023, 18:19:17 - DEBUG - Getting Cars 
15.1.2023, 15:17:22 - INFO - Server is running on port: 3030 
9.3.2023, 14:39:30 - INFO - Server is running on port: 3030 
9.3.2023, 14:39:41 - INFO - Req was made 
9.3.2023, 14:39:41 - DEBUG - Getting Cars 
9.3.2023, 14:39:41 - INFO - Req was made 
9.3.2023, 14:39:41 - DEBUG - Getting Cars 
9.3.2023, 14:40:36 - DEBUG - Getting Cars 
9.3.2023, 14:40:36 - INFO - Req was made 
9.3.2023, 14:40:37 - INFO - Req was made 
9.3.2023, 14:40:37 - DEBUG - Getting Cars 
9.3.2023, 14:40:37 - INFO - Req was made 
9.3.2023, 14:40:37 - DEBUG - Getting Cars 
9.3.2023, 14:40:41 - INFO - Req was made 
9.3.2023, 14:40:41 - DEBUG - Getting Cars 
9.3.2023, 14:40:41 - INFO - Req was made 
9.3.2023, 14:40:41 - DEBUG - Getting Cars 
9.3.2023, 14:49:56 - INFO - Req was made 
9.3.2023, 14:49:56 - DEBUG - Getting Cars 
9.3.2023, 14:49:56 - INFO - Req was made 
9.3.2023, 14:49:56 - DEBUG - Getting Cars 
9.3.2023, 14:50:41 - INFO - Req was made 
9.3.2023, 14:50:41 - DEBUG - Getting Cars 
9.3.2023, 14:50:41 - INFO - Req was made 
9.3.2023, 14:50:41 - DEBUG - Getting Cars 
9.3.2023, 14:51:15 - INFO - Req was made 
9.3.2023, 14:51:15 - DEBUG - Getting Cars 
9.3.2023, 14:51:15 - INFO - Req was made 
9.3.2023, 14:51:15 - DEBUG - Getting Cars 
9.3.2023, 14:51:18 - INFO - Req was made 
9.3.2023, 14:51:18 - DEBUG - Getting Cars 
9.3.2023, 14:51:18 - INFO - Req was made 
9.3.2023, 14:51:18 - DEBUG - Getting Cars 
9.3.2023, 14:52:43 - INFO - Req was made 
9.3.2023, 14:52:43 - DEBUG - Getting Cars 
9.3.2023, 14:52:43 - INFO - Req was made 
9.3.2023, 14:52:43 - DEBUG - Getting Cars 
9.3.2023, 14:56:13 - INFO - Req was made 
9.3.2023, 14:56:13 - DEBUG - Getting Cars 
9.3.2023, 14:56:13 - INFO - Req was made 
9.3.2023, 14:56:13 - DEBUG - Getting Cars 
9.3.2023, 15:03:20 - INFO - Req was made 
9.3.2023, 15:03:20 - DEBUG - Getting Cars 
9.3.2023, 15:03:20 - INFO - Req was made 
9.3.2023, 15:03:20 - DEBUG - Getting Cars 
9.3.2023, 15:03:27 - INFO - Req was made 
9.3.2023, 15:03:27 - DEBUG - Getting Cars 
9.3.2023, 15:03:27 - INFO - Req was made 
9.3.2023, 15:03:27 - DEBUG - Getting Cars 
9.3.2023, 15:14:20 - INFO - Req was made 
9.3.2023, 15:14:20 - DEBUG - Getting Cars 
9.3.2023, 15:14:20 - INFO - Req was made 
9.3.2023, 15:14:20 - DEBUG - Getting Cars 
9.3.2023, 15:17:01 - INFO - Req was made 
9.3.2023, 15:17:01 - DEBUG - Getting Cars 
9.3.2023, 15:17:02 - INFO - Req was made 
9.3.2023, 15:17:02 - DEBUG - Getting Cars 
9.3.2023, 15:19:35 - INFO - Req was made 
9.3.2023, 15:19:35 - DEBUG - Getting Cars 
9.3.2023, 15:19:36 - DEBUG - Getting Cars 
9.3.2023, 15:19:36 - INFO - Req was made 
9.3.2023, 15:21:46 - INFO - Req was made 
9.3.2023, 15:21:46 - DEBUG - Getting Cars 
9.3.2023, 15:21:47 - INFO - Req was made 
9.3.2023, 15:21:47 - DEBUG - Getting Cars 
9.3.2023, 15:24:22 - INFO - Req was made 
9.3.2023, 15:24:22 - DEBUG - Getting Cars 
9.3.2023, 15:24:22 - INFO - Req was made 
9.3.2023, 15:24:22 - DEBUG - Getting Cars 
9.3.2023, 15:26:38 - INFO - Req was made 
9.3.2023, 15:26:38 - DEBUG - Getting Cars 
9.3.2023, 15:26:39 - DEBUG - Getting Cars 
9.3.2023, 15:26:39 - INFO - Req was made 
9.3.2023, 15:28:04 - INFO - Req was made 
9.3.2023, 15:28:04 - DEBUG - Getting Cars 
9.3.2023, 15:28:04 - INFO - Req was made 
9.3.2023, 15:28:04 - DEBUG - Getting Cars 
9.3.2023, 15:37:50 - INFO - Req was made 
9.3.2023, 15:37:50 - DEBUG - Getting Cars 
9.3.2023, 15:37:51 - INFO - Req was made 
9.3.2023, 15:37:51 - DEBUG - Getting Cars 
9.3.2023, 15:37:52 - INFO - Req was made 
9.3.2023, 15:37:52 - DEBUG - Getting Cars 
9.3.2023, 15:37:52 - INFO - Req was made 
9.3.2023, 15:37:52 - DEBUG - Getting Cars 
9.3.2023, 15:37:53 - INFO - Req was made 
9.3.2023, 15:37:53 - DEBUG - Getting Cars 
9.3.2023, 15:37:58 - INFO - Req was made 
9.3.2023, 15:37:58 - DEBUG - Getting Cars 
9.3.2023, 15:37:58 - INFO - Req was made 
9.3.2023, 15:37:58 - DEBUG - Getting Cars 
9.3.2023, 15:45:36 - INFO - Req was made 
9.3.2023, 15:45:36 - DEBUG - Getting Cars 
9.3.2023, 15:45:37 - INFO - Req was made 
9.3.2023, 15:45:37 - DEBUG - Getting Cars 
9.3.2023, 15:45:49 - INFO - Req was made 
9.3.2023, 15:45:49 - DEBUG - Getting Cars 
9.3.2023, 15:45:49 - INFO - Req was made 
9.3.2023, 15:45:49 - DEBUG - Getting Cars 
9.3.2023, 15:47:57 - INFO - Req was made 
9.3.2023, 15:47:57 - DEBUG - Getting Cars 
9.3.2023, 15:47:57 - INFO - Req was made 
9.3.2023, 15:47:57 - DEBUG - Getting Cars 
9.3.2023, 15:48:13 - INFO - Req was made 
9.3.2023, 15:48:13 - DEBUG - Getting Cars 
9.3.2023, 15:48:13 - INFO - Req was made 
9.3.2023, 15:48:13 - DEBUG - Getting Cars 
9.3.2023, 15:48:20 - INFO - Req was made 
9.3.2023, 15:48:20 - DEBUG - Getting Cars 
9.3.2023, 15:48:20 - INFO - Req was made 
9.3.2023, 15:48:20 - DEBUG - Getting Cars 
9.3.2023, 15:51:20 - INFO - Req was made 
9.3.2023, 15:51:20 - DEBUG - Getting Cars 
9.3.2023, 15:51:20 - INFO - Req was made 
9.3.2023, 15:51:20 - DEBUG - Getting Cars 
9.3.2023, 15:53:38 - INFO - Req was made 
9.3.2023, 15:53:38 - DEBUG - Getting Cars 
9.3.2023, 15:53:39 - INFO - Req was made 
9.3.2023, 15:53:39 - DEBUG - Getting Cars 
9.3.2023, 16:04:19 - DEBUG - Getting Cars 
9.3.2023, 16:04:19 - INFO - Req was made 
9.3.2023, 16:04:20 - INFO - Req was made 
9.3.2023, 16:04:20 - DEBUG - Getting Cars 
9.3.2023, 16:04:21 - INFO - Req was made 
9.3.2023, 16:04:21 - DEBUG - Getting Cars 
9.3.2023, 16:04:21 - DEBUG - Getting Cars 
9.3.2023, 16:04:21 - INFO - Req was made 
9.3.2023, 16:04:33 - INFO - Req was made 
9.3.2023, 16:04:33 - DEBUG - Getting Cars 
9.3.2023, 16:04:33 - DEBUG - Getting Cars 
9.3.2023, 16:04:33 - INFO - Req was made 
9.3.2023, 16:07:25 - INFO - Req was made 
9.3.2023, 16:07:25 - DEBUG - Getting Cars 
9.3.2023, 16:10:42 - INFO - Req was made 
9.3.2023, 16:10:42 - DEBUG - Getting Cars 
9.3.2023, 16:10:43 - INFO - Req was made 
9.3.2023, 16:10:43 - DEBUG - Getting Cars 
9.3.2023, 16:11:00 - INFO - Req was made 
9.3.2023, 16:11:00 - DEBUG - Getting Cars 
9.3.2023, 16:11:00 - INFO - Req was made 
9.3.2023, 16:11:00 - DEBUG - Getting Cars 
9.3.2023, 16:11:51 - INFO - Req was made 
9.3.2023, 16:11:51 - DEBUG - Getting Cars 
9.3.2023, 16:11:51 - INFO - Req was made 
9.3.2023, 16:11:51 - DEBUG - Getting Cars 
9.3.2023, 16:12:00 - INFO - Req was made 
9.3.2023, 16:12:00 - DEBUG - Getting Cars 
9.3.2023, 16:12:00 - INFO - Req was made 
9.3.2023, 16:12:00 - DEBUG - Getting Cars 
9.3.2023, 16:12:09 - INFO - Req was made 
9.3.2023, 16:12:09 - DEBUG - Getting Cars 
9.3.2023, 16:12:10 - INFO - Req was made 
9.3.2023, 16:12:10 - DEBUG - Getting Cars 
9.3.2023, 16:13:06 - INFO - Req was made 
9.3.2023, 16:13:06 - DEBUG - Getting Cars 
9.3.2023, 16:13:07 - INFO - Req was made 
9.3.2023, 16:13:07 - DEBUG - Getting Cars 
9.3.2023, 16:31:30 - INFO - Req was made 
9.3.2023, 16:31:30 - DEBUG - Getting Cars 
9.3.2023, 16:31:31 - INFO - Req was made 
9.3.2023, 16:31:31 - DEBUG - Getting Cars 
9.3.2023, 16:34:00 - INFO - Req was made 
9.3.2023, 16:34:00 - DEBUG - Getting Cars 
9.3.2023, 16:34:00 - INFO - Req was made 
9.3.2023, 16:34:00 - DEBUG - Getting Cars 
9.3.2023, 16:35:01 - INFO - Req was made 
9.3.2023, 16:35:01 - DEBUG - Getting Cars 
9.3.2023, 16:35:02 - INFO - Req was made 
9.3.2023, 16:35:02 - DEBUG - Getting Cars 
9.3.2023, 16:35:19 - INFO - Req was made 
9.3.2023, 16:35:19 - DEBUG - Getting Cars 
9.3.2023, 16:35:19 - INFO - Req was made 
9.3.2023, 16:35:19 - DEBUG - Getting Cars 
9.3.2023, 16:35:37 - INFO - Req was made 
9.3.2023, 16:35:37 - DEBUG - Getting Cars 
9.3.2023, 16:35:37 - INFO - Req was made 
9.3.2023, 16:35:37 - DEBUG - Getting Cars 
9.3.2023, 16:36:03 - INFO - Req was made 
9.3.2023, 16:36:03 - DEBUG - Getting Cars 
9.3.2023, 16:36:04 - INFO - Req was made 
9.3.2023, 16:36:04 - DEBUG - Getting Cars 
9.3.2023, 16:36:06 - INFO - Req was made 
9.3.2023, 16:36:06 - DEBUG - Getting Cars 
9.3.2023, 16:36:07 - INFO - Req was made 
9.3.2023, 16:36:07 - DEBUG - Getting Cars 
9.3.2023, 16:36:41 - INFO - Req was made 
9.3.2023, 16:36:41 - DEBUG - Getting Cars 
9.3.2023, 16:36:42 - INFO - Req was made 
9.3.2023, 16:36:42 - DEBUG - Getting Cars 
9.3.2023, 16:36:57 - INFO - Req was made 
9.3.2023, 16:36:57 - DEBUG - Getting Cars 
9.3.2023, 16:36:57 - INFO - Req was made 
9.3.2023, 16:36:57 - DEBUG - Getting Cars 
9.3.2023, 16:37:08 - INFO - Req was made 
9.3.2023, 16:37:08 - DEBUG - Getting Cars 
9.3.2023, 16:37:08 - INFO - Req was made 
9.3.2023, 16:37:08 - DEBUG - Getting Cars 
9.3.2023, 16:37:39 - INFO - Req was made 
9.3.2023, 16:37:39 - DEBUG - Getting Cars 
9.3.2023, 16:37:39 - INFO - Req was made 
9.3.2023, 16:37:39 - DEBUG - Getting Cars 
9.3.2023, 16:39:28 - INFO - Req was made 
9.3.2023, 16:39:28 - DEBUG - Getting Cars 
9.3.2023, 16:39:29 - INFO - Req was made 
9.3.2023, 16:39:29 - DEBUG - Getting Cars 
9.3.2023, 16:41:11 - INFO - Req was made 
9.3.2023, 16:41:11 - DEBUG - Getting Cars 
9.3.2023, 16:41:12 - INFO - Req was made 
9.3.2023, 16:41:12 - DEBUG - Getting Cars 
9.3.2023, 16:43:34 - INFO - Req was made 
9.3.2023, 16:43:34 - DEBUG - Getting Cars 
9.3.2023, 16:43:34 - INFO - Req was made 
9.3.2023, 16:43:34 - DEBUG - Getting Cars 
9.3.2023, 16:44:09 - INFO - Req was made 
9.3.2023, 16:44:09 - DEBUG - Getting Cars 
9.3.2023, 16:44:09 - INFO - Req was made 
9.3.2023, 16:44:09 - DEBUG - Getting Cars 
9.3.2023, 16:50:27 - INFO - Req was made 
9.3.2023, 16:50:27 - DEBUG - Getting Cars 
9.3.2023, 16:50:27 - INFO - Req was made 
9.3.2023, 16:50:27 - DEBUG - Getting Cars 
9.3.2023, 16:51:50 - INFO - Req was made 
9.3.2023, 16:51:50 - DEBUG - Getting Cars 
9.3.2023, 16:51:50 - INFO - Req was made 
9.3.2023, 16:51:50 - DEBUG - Getting Cars 
9.3.2023, 16:54:37 - INFO - Req was made 
9.3.2023, 16:54:37 - DEBUG - Getting Cars 
9.3.2023, 16:54:38 - INFO - Req was made 
9.3.2023, 16:54:38 - DEBUG - Getting Cars 
9.3.2023, 17:16:31 - INFO - Req was made 
9.3.2023, 17:16:31 - DEBUG - Getting Cars 
9.3.2023, 17:16:32 - INFO - Req was made 
9.3.2023, 17:16:32 - DEBUG - Getting Cars 
9.3.2023, 17:16:35 - INFO - Req was made 
9.3.2023, 17:16:35 - DEBUG - Getting Cars 
9.3.2023, 17:16:36 - INFO - Req was made 
9.3.2023, 17:16:36 - DEBUG - Getting Cars 
9.3.2023, 17:17:04 - INFO - Req was made 
9.3.2023, 17:17:04 - DEBUG - Getting Cars 
9.3.2023, 17:17:04 - INFO - Req was made 
9.3.2023, 17:17:04 - DEBUG - Getting Cars 
9.3.2023, 17:21:12 - INFO - Req was made 
9.3.2023, 17:21:12 - DEBUG - Getting Cars 
9.3.2023, 17:21:12 - INFO - Req was made 
9.3.2023, 17:21:12 - DEBUG - Getting Cars 
9.3.2023, 17:22:48 - INFO - Req was made 
9.3.2023, 17:22:48 - DEBUG - Getting Cars 
9.3.2023, 17:22:49 - INFO - Req was made 
9.3.2023, 17:22:49 - DEBUG - Getting Cars 
9.3.2023, 17:23:00 - INFO - Req was made 
9.3.2023, 17:23:00 - DEBUG - Getting Cars 
9.3.2023, 17:25:13 - INFO - Req was made 
9.3.2023, 17:25:13 - DEBUG - Getting Cars 
9.3.2023, 17:25:13 - INFO - Req was made 
9.3.2023, 17:25:13 - DEBUG - Getting Cars 
9.3.2023, 17:26:23 - INFO - Req was made 
9.3.2023, 17:26:23 - DEBUG - Getting Cars 
9.3.2023, 17:26:23 - INFO - Req was made 
9.3.2023, 17:26:23 - DEBUG - Getting Cars 
9.3.2023, 17:26:41 - INFO - Req was made 
9.3.2023, 17:26:41 - DEBUG - Getting Cars 
9.3.2023, 17:26:42 - INFO - Req was made 
9.3.2023, 17:26:42 - DEBUG - Getting Cars 
9.3.2023, 17:26:55 - INFO - Req was made 
9.3.2023, 17:26:55 - DEBUG - Getting Cars 
9.3.2023, 17:26:55 - INFO - Req was made 
9.3.2023, 17:26:55 - DEBUG - Getting Cars 
9.3.2023, 17:27:04 - INFO - Req was made 
9.3.2023, 17:27:04 - DEBUG - Getting Cars 
9.3.2023, 17:27:05 - INFO - Req was made 
9.3.2023, 17:27:05 - DEBUG - Getting Cars 
9.3.2023, 17:27:16 - DEBUG - Getting Cars 
9.3.2023, 17:27:16 - INFO - Req was made 
9.3.2023, 17:27:17 - INFO - Req was made 
9.3.2023, 17:27:17 - DEBUG - Getting Cars 
9.3.2023, 17:27:32 - INFO - Req was made 
9.3.2023, 17:27:32 - DEBUG - Getting Cars 
9.3.2023, 17:27:33 - INFO - Req was made 
9.3.2023, 17:27:33 - DEBUG - Getting Cars 
9.3.2023, 17:28:15 - INFO - Req was made 
9.3.2023, 17:28:15 - DEBUG - Getting Cars 
9.3.2023, 17:28:15 - INFO - Req was made 
9.3.2023, 17:28:15 - DEBUG - Getting Cars 
9.3.2023, 17:28:27 - INFO - Req was made 
9.3.2023, 17:28:27 - DEBUG - Getting Cars 
9.3.2023, 17:28:28 - INFO - Req was made 
9.3.2023, 17:28:28 - DEBUG - Getting Cars 
9.3.2023, 17:28:47 - INFO - Req was made 
9.3.2023, 17:28:47 - DEBUG - Getting Cars 
9.3.2023, 17:28:48 - INFO - Req was made 
9.3.2023, 17:28:48 - DEBUG - Getting Cars 
9.3.2023, 17:29:02 - INFO - Req was made 
9.3.2023, 17:29:02 - DEBUG - Getting Cars 
9.3.2023, 17:29:02 - DEBUG - Getting Cars 
9.3.2023, 17:29:02 - INFO - Req was made 
9.3.2023, 17:30:04 - INFO - Req was made 
9.3.2023, 17:30:04 - DEBUG - Getting Cars 
9.3.2023, 17:30:06 - INFO - Req was made 
9.3.2023, 17:30:06 - DEBUG - Getting Cars 
9.3.2023, 17:30:07 - INFO - Req was made 
9.3.2023, 17:30:07 - DEBUG - Getting Cars 
9.3.2023, 17:30:07 - INFO - Req was made 
9.3.2023, 17:30:07 - DEBUG - Getting Cars 
9.3.2023, 17:30:09 - INFO - Req was made 
9.3.2023, 17:30:09 - DEBUG - Getting Cars 
9.3.2023, 17:30:11 - INFO - Req was made 
9.3.2023, 17:30:11 - DEBUG - Getting Cars 
9.3.2023, 17:30:12 - INFO - Req was made 
9.3.2023, 17:30:12 - DEBUG - Getting Cars 
9.3.2023, 17:30:13 - INFO - Req was made 
9.3.2023, 17:30:13 - DEBUG - Getting Cars 
9.3.2023, 17:30:14 - DEBUG - Getting Cars 
9.3.2023, 17:30:14 - INFO - Req was made 
9.3.2023, 17:30:14 - INFO - Req was made 
9.3.2023, 17:30:14 - DEBUG - Getting Cars 
9.3.2023, 17:30:15 - INFO - Req was made 
9.3.2023, 17:30:15 - DEBUG - Getting Cars 
9.3.2023, 17:30:16 - INFO - Req was made 
9.3.2023, 17:30:16 - DEBUG - Getting Cars 
9.3.2023, 17:30:16 - INFO - Req was made 
9.3.2023, 17:30:16 - DEBUG - Getting Cars 
9.3.2023, 17:30:17 - INFO - Req was made 
9.3.2023, 17:30:17 - DEBUG - Getting Cars 
9.3.2023, 17:30:18 - INFO - Req was made 
9.3.2023, 17:30:18 - DEBUG - Getting Cars 
9.3.2023, 17:30:19 - INFO - Req was made 
9.3.2023, 17:30:19 - DEBUG - Getting Cars 
9.3.2023, 17:30:19 - INFO - Req was made 
9.3.2023, 17:30:19 - DEBUG - Getting Cars 
9.3.2023, 17:30:20 - INFO - Req was made 
9.3.2023, 17:30:20 - DEBUG - Getting Cars 
9.3.2023, 17:30:21 - INFO - Req was made 
9.3.2023, 17:30:21 - DEBUG - Getting Cars 
9.3.2023, 17:30:22 - INFO - Req was made 
9.3.2023, 17:30:22 - DEBUG - Getting Cars 
9.3.2023, 17:30:22 - DEBUG - Getting Cars 
9.3.2023, 17:30:22 - INFO - Req was made 
9.3.2023, 17:30:23 - DEBUG - Getting Cars 
9.3.2023, 17:30:23 - INFO - Req was made 
9.3.2023, 17:30:23 - INFO - Req was made 
9.3.2023, 17:30:23 - DEBUG - Getting Cars 
9.3.2023, 17:30:33 - INFO - Req was made 
9.3.2023, 17:30:33 - DEBUG - Getting Cars 
9.3.2023, 17:30:34 - INFO - Req was made 
9.3.2023, 17:30:34 - DEBUG - Getting Cars 
9.3.2023, 17:30:44 - INFO - Req was made 
9.3.2023, 17:30:44 - DEBUG - Getting Cars 
9.3.2023, 17:30:46 - INFO - Req was made 
9.3.2023, 17:30:46 - DEBUG - Getting Cars 
9.3.2023, 17:30:47 - INFO - Req was made 
9.3.2023, 17:30:47 - DEBUG - Getting Cars 
9.3.2023, 17:30:47 - INFO - Req was made 
9.3.2023, 17:30:47 - DEBUG - Getting Cars 
9.3.2023, 17:30:54 - INFO - Req was made 
9.3.2023, 17:30:54 - DEBUG - Getting Cars 
9.3.2023, 17:30:54 - INFO - Req was made 
9.3.2023, 17:30:54 - DEBUG - Getting Cars 
9.3.2023, 17:30:58 - INFO - Req was made 
9.3.2023, 17:30:58 - DEBUG - Getting Cars 
9.3.2023, 17:30:58 - INFO - Req was made 
9.3.2023, 17:30:58 - DEBUG - Getting Cars 
9.3.2023, 17:32:39 - INFO - Req was made 
9.3.2023, 17:32:39 - DEBUG - Getting Cars 
9.3.2023, 17:32:40 - INFO - Req was made 
9.3.2023, 17:32:40 - DEBUG - Getting Cars 
9.3.2023, 17:33:49 - INFO - Req was made 
9.3.2023, 17:33:49 - DEBUG - Getting Cars 
9.3.2023, 17:33:50 - DEBUG - Getting Cars 
9.3.2023, 17:33:50 - INFO - Req was made 
9.3.2023, 17:37:15 - INFO - Req was made 
9.3.2023, 17:37:15 - DEBUG - Getting Cars 
9.3.2023, 17:37:16 - INFO - Req was made 
9.3.2023, 17:37:16 - DEBUG - Getting Cars 
9.3.2023, 17:37:49 - INFO - Req was made 
9.3.2023, 17:37:49 - DEBUG - Getting Cars 
9.3.2023, 17:37:52 - INFO - Req was made 
9.3.2023, 17:37:52 - DEBUG - Getting Cars 
9.3.2023, 17:37:56 - DEBUG - Getting Cars 
9.3.2023, 17:37:56 - INFO - Req was made 
9.3.2023, 17:37:58 - INFO - Req was made 
9.3.2023, 17:37:58 - DEBUG - Getting Cars 
9.3.2023, 17:37:59 - INFO - Req was made 
9.3.2023, 17:37:59 - DEBUG - Getting Cars 
9.3.2023, 17:37:59 - INFO - Req was made 
9.3.2023, 17:37:59 - DEBUG - Getting Cars 
9.3.2023, 17:38:00 - INFO - Req was made 
9.3.2023, 17:38:00 - DEBUG - Getting Cars 
9.3.2023, 17:38:01 - INFO - Req was made 
9.3.2023, 17:38:01 - DEBUG - Getting Cars 
9.3.2023, 17:38:01 - INFO - Req was made 
9.3.2023, 17:38:01 - DEBUG - Getting Cars 
9.3.2023, 17:38:03 - INFO - Req was made 
9.3.2023, 17:38:03 - DEBUG - Getting Cars 
9.3.2023, 17:38:03 - INFO - Req was made 
9.3.2023, 17:38:03 - DEBUG - Getting Cars 
9.3.2023, 17:38:04 - INFO - Req was made 
9.3.2023, 17:38:04 - DEBUG - Getting Cars 
9.3.2023, 17:41:49 - DEBUG - Getting Cars 
9.3.2023, 17:41:49 - INFO - Req was made 
9.3.2023, 17:41:52 - INFO - Req was made 
9.3.2023, 17:41:52 - DEBUG - Getting Cars 
9.3.2023, 17:42:12 - INFO - Req was made 
9.3.2023, 17:42:12 - DEBUG - Getting Cars 
9.3.2023, 17:42:13 - INFO - Req was made 
9.3.2023, 17:42:13 - DEBUG - Getting Cars 
9.3.2023, 17:42:13 - INFO - Req was made 
9.3.2023, 17:42:13 - DEBUG - Getting Cars 
9.3.2023, 17:42:37 - INFO - Req was made 
9.3.2023, 17:42:37 - DEBUG - Getting Cars 
9.3.2023, 17:42:38 - INFO - Req was made 
9.3.2023, 17:42:38 - DEBUG - Getting Cars 
9.3.2023, 17:42:40 - INFO - Req was made 
9.3.2023, 17:42:40 - DEBUG - Getting Cars 
9.3.2023, 17:45:02 - INFO - Req was made 
9.3.2023, 17:45:02 - DEBUG - Getting Cars 
9.3.2023, 17:45:04 - INFO - Req was made 
9.3.2023, 17:45:04 - DEBUG - Getting Cars 
9.3.2023, 17:47:26 - INFO - Req was made 
9.3.2023, 17:47:26 - DEBUG - Getting Cars 
9.3.2023, 17:47:26 - INFO - Req was made 
9.3.2023, 17:47:26 - DEBUG - Getting Cars 
9.3.2023, 17:47:29 - INFO - Req was made 
9.3.2023, 17:47:29 - DEBUG - Getting Cars 
9.3.2023, 17:47:30 - INFO - Req was made 
9.3.2023, 17:47:30 - DEBUG - Getting Cars 
9.3.2023, 17:47:30 - INFO - Req was made 
9.3.2023, 17:47:30 - DEBUG - Getting Cars 
9.3.2023, 17:47:32 - INFO - Req was made 
9.3.2023, 17:47:32 - DEBUG - Getting Cars 
9.3.2023, 17:47:34 - INFO - Req was made 
9.3.2023, 17:47:34 - DEBUG - Getting Cars 
9.3.2023, 17:47:35 - INFO - Req was made 
9.3.2023, 17:47:35 - DEBUG - Getting Cars 
9.3.2023, 17:47:36 - INFO - Req was made 
9.3.2023, 17:47:36 - DEBUG - Getting Cars 
9.3.2023, 17:47:48 - INFO - Req was made 
9.3.2023, 17:47:48 - DEBUG - Getting Cars 
9.3.2023, 17:47:50 - INFO - Req was made 
9.3.2023, 17:47:50 - DEBUG - Getting Cars 
9.3.2023, 17:47:53 - INFO - Req was made 
9.3.2023, 17:47:53 - DEBUG - Getting Cars 
9.3.2023, 17:47:54 - INFO - Req was made 
9.3.2023, 17:47:54 - DEBUG - Getting Cars 
9.3.2023, 17:47:55 - INFO - Req was made 
9.3.2023, 17:47:55 - DEBUG - Getting Cars 
9.3.2023, 17:47:55 - INFO - Req was made 
9.3.2023, 17:47:55 - DEBUG - Getting Cars 
9.3.2023, 17:47:57 - INFO - Req was made 
9.3.2023, 17:47:57 - DEBUG - Getting Cars 
9.3.2023, 17:47:58 - INFO - Req was made 
9.3.2023, 17:47:58 - DEBUG - Getting Cars 
9.3.2023, 17:48:08 - INFO - Req was made 
9.3.2023, 17:48:08 - DEBUG - Getting Cars 
9.3.2023, 17:48:08 - INFO - Req was made 
9.3.2023, 17:48:08 - DEBUG - Getting Cars 
9.3.2023, 17:48:10 - INFO - Req was made 
9.3.2023, 17:48:10 - DEBUG - Getting Cars 
9.3.2023, 17:48:10 - DEBUG - Getting Cars 
9.3.2023, 17:48:10 - INFO - Req was made 
9.3.2023, 17:48:16 - DEBUG - Getting Cars 
9.3.2023, 17:48:16 - INFO - Req was made 
9.3.2023, 17:48:18 - INFO - Req was made 
9.3.2023, 17:48:18 - DEBUG - Getting Cars 
9.3.2023, 17:48:22 - INFO - Req was made 
9.3.2023, 17:48:22 - DEBUG - Getting Cars 
9.3.2023, 17:48:29 - INFO - Req was made 
9.3.2023, 17:48:29 - DEBUG - Getting Cars 
9.3.2023, 17:48:32 - INFO - Req was made 
9.3.2023, 17:48:32 - DEBUG - Getting Cars 
9.3.2023, 17:48:34 - INFO - Req was made 
9.3.2023, 17:48:34 - DEBUG - Getting Cars 
9.3.2023, 17:50:05 - INFO - Req was made 
9.3.2023, 17:50:05 - DEBUG - Getting Cars 
9.3.2023, 17:50:05 - INFO - Req was made 
9.3.2023, 17:50:05 - DEBUG - Getting Cars 
9.3.2023, 17:50:05 - INFO - Req was made 
9.3.2023, 17:50:05 - DEBUG - Getting Cars 
9.3.2023, 17:50:05 - INFO - Req was made 
9.3.2023, 17:50:05 - DEBUG - Getting Cars 
9.3.2023, 17:50:11 - INFO - Req was made 
9.3.2023, 17:50:11 - DEBUG - Getting Cars 
9.3.2023, 17:50:11 - DEBUG - Getting Cars 
9.3.2023, 17:50:11 - INFO - Req was made 
9.3.2023, 17:51:41 - DEBUG - Getting Cars 
9.3.2023, 17:51:41 - INFO - Req was made 
9.3.2023, 17:51:43 - INFO - Req was made 
9.3.2023, 17:51:43 - DEBUG - Getting Cars 
9.3.2023, 17:52:03 - INFO - Req was made 
9.3.2023, 17:52:03 - DEBUG - Getting Cars 
9.3.2023, 17:52:04 - INFO - Req was made 
9.3.2023, 17:52:04 - DEBUG - Getting Cars 
9.3.2023, 17:52:05 - INFO - Req was made 
9.3.2023, 17:52:05 - DEBUG - Getting Cars 
9.3.2023, 17:52:06 - INFO - Req was made 
9.3.2023, 17:52:06 - DEBUG - Getting Cars 
9.3.2023, 17:52:11 - INFO - Req was made 
9.3.2023, 17:52:11 - DEBUG - Getting Cars 
9.3.2023, 17:52:13 - INFO - Req was made 
9.3.2023, 17:52:13 - DEBUG - Getting Cars 
9.3.2023, 17:52:15 - INFO - Req was made 
9.3.2023, 17:52:15 - DEBUG - Getting Cars 
9.3.2023, 17:52:16 - INFO - Req was made 
9.3.2023, 17:52:16 - DEBUG - Getting Cars 
9.3.2023, 17:52:20 - INFO - Req was made 
9.3.2023, 17:52:20 - DEBUG - Getting Cars 
9.3.2023, 17:52:22 - INFO - Req was made 
9.3.2023, 17:52:22 - DEBUG - Getting Cars 
9.3.2023, 17:54:45 - INFO - Req was made 
9.3.2023, 17:54:45 - DEBUG - Getting Cars 
9.3.2023, 17:54:48 - DEBUG - Getting Cars 
9.3.2023, 17:54:48 - INFO - Req was made 
9.3.2023, 17:54:53 - INFO - Req was made 
9.3.2023, 17:54:53 - DEBUG - Getting Cars 
9.3.2023, 17:54:59 - INFO - Req was made 
9.3.2023, 17:54:59 - DEBUG - Getting Cars 
9.3.2023, 17:55:05 - INFO - Req was made 
9.3.2023, 17:55:05 - DEBUG - Getting Cars 
9.3.2023, 17:55:12 - INFO - Req was made 
9.3.2023, 17:55:12 - DEBUG - Getting Cars 
9.3.2023, 17:55:12 - INFO - Req was made 
9.3.2023, 17:55:12 - DEBUG - Getting Cars 
9.3.2023, 17:55:15 - INFO - Req was made 
9.3.2023, 17:55:15 - DEBUG - Getting Cars 
9.3.2023, 17:55:17 - INFO - Req was made 
9.3.2023, 17:55:17 - DEBUG - Getting Cars 
9.3.2023, 17:55:30 - INFO - Req was made 
9.3.2023, 17:55:30 - DEBUG - Getting Cars 
9.3.2023, 17:55:31 - INFO - Req was made 
9.3.2023, 17:55:31 - DEBUG - Getting Cars 
9.3.2023, 17:55:32 - INFO - Req was made 
9.3.2023, 17:55:32 - DEBUG - Getting Cars 
9.3.2023, 17:55:57 - INFO - Req was made 
9.3.2023, 17:55:57 - DEBUG - Getting Cars 
9.3.2023, 17:56:27 - INFO - Req was made 
9.3.2023, 17:56:27 - DEBUG - Getting Cars 
9.3.2023, 17:56:29 - INFO - Req was made 
9.3.2023, 17:56:29 - DEBUG - Getting Cars 
9.3.2023, 17:57:54 - INFO - Req was made 
9.3.2023, 17:57:54 - DEBUG - Getting Cars 
9.3.2023, 17:57:54 - INFO - Req was made 
9.3.2023, 17:57:54 - DEBUG - Getting Cars 
9.3.2023, 17:57:56 - INFO - Req was made 
9.3.2023, 17:57:56 - DEBUG - Getting Cars 
9.3.2023, 17:57:59 - INFO - Req was made 
9.3.2023, 17:57:59 - DEBUG - Getting Cars 
9.3.2023, 17:58:18 - INFO - Req was made 
9.3.2023, 17:58:18 - DEBUG - Getting Cars 
9.3.2023, 17:58:26 - INFO - Req was made 
9.3.2023, 17:58:26 - DEBUG - Getting Cars 
9.3.2023, 17:58:30 - INFO - Req was made 
9.3.2023, 17:58:30 - DEBUG - Getting Cars 
9.3.2023, 17:58:33 - INFO - Req was made 
9.3.2023, 17:58:33 - DEBUG - Getting Cars 
9.3.2023, 17:59:09 - INFO - Req was made 
9.3.2023, 17:59:09 - DEBUG - Getting Cars 
9.3.2023, 17:59:39 - INFO - Req was made 
9.3.2023, 17:59:39 - DEBUG - Getting Cars 
9.3.2023, 17:59:39 - INFO - Req was made 
9.3.2023, 17:59:39 - DEBUG - Getting Cars 
9.3.2023, 17:59:55 - INFO - Req was made 
9.3.2023, 17:59:55 - DEBUG - Getting Cars 
9.3.2023, 17:59:56 - INFO - Req was made 
9.3.2023, 17:59:56 - DEBUG - Getting Cars 
